<?xml version="1.0" encoding="UTF-8"?>
<testng-results skipped="0" failed="0" ignored="0" total="1" passed="1">
  <reporter-output>
    <line>
      <![CDATA[Running........open browser]]>
    </line>
    <line>
      <![CDATA[Running........navigate to url]]>
    </line>
    <line>
      <![CDATA[Running........enter username]]>
    </line>
    <line>
      <![CDATA[Running........enter password]]>
    </line>
    <line>
      <![CDATA[Running........click on login button]]>
    </line>
    <line>
      <![CDATA[Running........wait]]>
    </line>
  </reporter-output>
  <suite name="Default suite" duration-ms="4305" started-at="2019-06-10T00:58:22Z" finished-at="2019-06-10T00:58:26Z">
    <groups>
    </groups>
    <test name="Default test" duration-ms="4305" started-at="2019-06-10T00:58:22Z" finished-at="2019-06-10T00:58:26Z">
      <class name="hrm.keyworddriven.Driver">
        <test-method status="PASS" signature="test()[pri:0, instance:hrm.keyworddriven.Driver@d8355a8]" name="test" duration-ms="4276" started-at="2019-06-10T00:58:22Z" finished-at="2019-06-10T00:58:26Z">
          <reporter-output>
            <line>
              <![CDATA[Running........open browser]]>
            </line>
            <line>
              <![CDATA[Running........navigate to url]]>
            </line>
            <line>
              <![CDATA[Running........enter username]]>
            </line>
            <line>
              <![CDATA[Running........enter password]]>
            </line>
            <line>
              <![CDATA[Running........click on login button]]>
            </line>
            <line>
              <![CDATA[Running........wait]]>
            </line>
          </reporter-output>
        </test-method> <!-- test -->
      </class> <!-- hrm.keyworddriven.Driver -->
    </test> <!-- Default test -->
  </suite> <!-- Default suite -->
</testng-results>
